sept. 30, 2017 3:32:27 PM helper.Helper InitDailyDestPrintDir
INFOS: Print directory [.\print\2017_09_30] is created!

سبت 30, 2017 3:32:58 م helper.Helper InitDailyDestPrintDir
INFO: Print directory [.\print\2017_09_30] already exist!

Sep 30, 2017 3:33:28 PM helper.Helper InitDailyDestPrintDir
INFO: Print directory [.\print\2017_09_30] already exist!

Sep 30, 2017 3:42:15 PM helper.Helper InitDailyDestPrintDir
INFO: Print directory [.\print\2017_09_30] already exist!

Sep 30, 2017 3:43:01 PM helper.Helper InitDailyDestPrintDir
INFO: Print directory [.\print\2017_09_30] already exist!

Sep 30, 2017 3:48:29 PM helper.Helper InitDailyDestPrintDir
INFO: Print directory [.\print\2017_09_30] already exist!

Sep 30, 2017 3:50:02 PM helper.Helper InitDailyDestPrintDir
INFO: Print directory [.\print\2017_09_30] already exist!

سبت 30, 2017 4:03:07 م helper.Helper InitDailyDestPrintDir
INFO: Print directory [.\print\2017_09_30] already exist!

سبت 30, 2017 4:04:10 م helper.Helper InitDailyDestPrintDir
INFO: Print directory [.\print\2017_09_30] already exist!

سبت 30, 2017 4:04:34 م helper.Helper InitDailyDestPrintDir
INFO: Print directory [.\print\2017_09_30] already exist!

سبت 30, 2017 4:05:09 م helper.Helper InitDailyDestPrintDir
INFO: Print directory [.\print\2017_09_30] already exist!

سبت 30, 2017 4:23:37 م helper.Helper InitDailyDestPrintDir
INFO: Print directory [.\print\2017_09_30] already exist!

سبت 30, 2017 4:25:14 م helper.Helper InitDailyDestPrintDir
INFO: Print directory [.\print\2017_09_30] already exist!

سبت 30, 2017 4:26:13 م helper.Helper InitDailyDestPrintDir
INFO: Print directory [.\print\2017_09_30] already exist!

سبت 30, 2017 5:01:05 م helper.Bootstrap InitDailyDestPrintDir
INFO: Print directory [.\print\2017_09_30] already exist!

سبت 30, 2017 5:01:20 م helper.Bootstrap InitDailyDestPrintDir
INFO: Print directory [.\print\2017_09_30] already exist!

Sep 30, 2017 5:01:52 PM helper.Bootstrap InitDailyDestPrintDir
INFO: Print directory [.\print\2017_09_30] already exist!

Sep 30, 2017 5:04:40 PM helper.Bootstrap InitDailyDestPrintDir
INFO: Print directory [.\print\2017_09_30] already exist!

Sep 30, 2017 5:07:59 PM helper.Bootstrap InitDailyDestPrintDir
INFO: Print directory [.\print\2017_09_30] already exist!

Sep 30, 2017 9:17:25 PM helper.Bootstrap InitDailyDestPrintDir
INFO: Print directory [.\print\2017_09_30] already exist!

sept. 30, 2017 9:19:14 PM helper.Bootstrap InitDailyDestPrintDir
INFOS: Print directory [.\print\2017_09_30] already exist!

sept. 30, 2017 9:50:40 PM helper.Bootstrap InitDailyDestPrintDir
INFOS: Print directory [.\print\2017_09_30] already exist!

sept. 30, 2017 9:51:33 PM helper.Bootstrap InitDailyDestPrintDir
INFOS: Print directory [.\print\2017_09_30] already exist!

sept. 30, 2017 10:28:55 PM helper.Bootstrap InitDailyDestPrintDir
INFOS: Print directory [.\print\2017_09_30] already exist!

sept. 30, 2017 10:36:50 PM helper.Bootstrap InitDailyDestPrintDir
INFOS: Print directory [.\print\2017_09_30] already exist!

sept. 30, 2017 10:36:58 PM helper.Bootstrap InitDailyDestPrintDir
INFOS: Print directory [.\print\2017_09_30] already exist!

Sep 30, 2017 11:52:35 PM helper.Bootstrap InitDailyDestPrintDir
INFO: Print directory [.\print\2017_09_30] already exist!

